\BOOKMARK [0][-]{chapter*.2}{Preface}{}% 1
\BOOKMARK [0][-]{chapter.1}{Introduction}{}% 2
\BOOKMARK [0][-]{chapter.2}{Getting started}{}% 3
\BOOKMARK [1][-]{section.2.1}{A note about the module structure}{chapter.2}% 4
\BOOKMARK [1][-]{section.2.2}{Quick start}{chapter.2}% 5
\BOOKMARK [1][-]{section.2.3}{Initializing a nc2map.Maps instance}{chapter.2}% 6
\BOOKMARK [2][-]{subsection.2.3.1}{How to specify the NetCDF files}{section.2.3}% 7
\BOOKMARK [2][-]{subsection.2.3.2}{Specifying what to plot via *dimsidentifier}{section.2.3}% 8
\BOOKMARK [2][-]{subsection.2.3.3}{Specifying how to plot via *fmt keywords}{section.2.3}% 9
\BOOKMARK [1][-]{section.2.4}{Output methods}{chapter.2}% 10
\BOOKMARK [1][-]{section.2.5}{Helper functions accessing the documentation}{chapter.2}% 11
\BOOKMARK [1][-]{section.2.6}{Automatical labelling}{chapter.2}% 12
\BOOKMARK [2][-]{subsection.2.6.1}{Using text meta data}{section.2.6}% 13
\BOOKMARK [2][-]{subsection.2.6.2}{Displaying the time}{section.2.6}% 14
\BOOKMARK [0][-]{chapter.3}{NetCDF restrictions and dimension handling}{}% 15
\BOOKMARK [1][-]{section.3.1}{Using the time information in the NetCDF file}{chapter.3}% 16
\BOOKMARK [0][-]{chapter.4}{Interactive usage}{}% 17
\BOOKMARK [0][-]{chapter.5}{*fmt}{}% 18
\BOOKMARK [1][-]{section.5.1}{Basemap and axes formatoptions}{chapter.5}% 19
\BOOKMARK [1][-]{section.5.2}{Colorbar and colormap formatoptions}{chapter.5}% 20
\BOOKMARK [1][-]{section.5.3}{Masking properties}{chapter.5}% 21
\BOOKMARK [1][-]{section.5.4}{Windplot specific formatoptions}{chapter.5}% 22
\BOOKMARK [1][-]{section.5.5}{LinePlot specific formatoptions}{chapter.5}% 23
\BOOKMARK [1][-]{section.5.6}{Miscallaneous formatoptions}{chapter.5}% 24
\BOOKMARK [0][-]{chapter.6}{Data management}{}% 25
\BOOKMARK [1][-]{section.6.1}{Data Readers}{chapter.6}% 26
\BOOKMARK [1][-]{section.6.2}{MapBase instances in nc2map.Maps}{chapter.6}% 27
\BOOKMARK [0][-]{chapter.7}{Evaluation routines}{}% 28
\BOOKMARK [1][-]{section.7.1}{Incorporation of Climate Data Operators}{chapter.7}% 29
\BOOKMARK [1][-]{section.7.2}{Calculation}{chapter.7}% 30
\BOOKMARK [1][-]{section.7.3}{Evaluator classes}{chapter.7}% 31
\BOOKMARK [0][-]{section*.154}{Glossary}{}% 32
